<?xml version="1.0" encoding="UTF-8"?>
<testsuites name="jest tests" tests="3" failures="0" errors="0" time="0.814">
  <testsuite name="calculator.test.js" errors="0" failures="0" skipped="0" timestamp="2022-11-23T16:37:07" time="0.512" tests="3">
    <testcase classname="Calculator tests adding 1 + 2 should return 3" name="Calculator tests adding 1 + 2 should return 3" time="0.002">
    </testcase>
    <testcase classname="Calculator tests subtracting 2 from 10 should return 8" name="Calculator tests subtracting 2 from 10 should return 8" time="0.001">
    </testcase>
    <testcase classname="Calculator tests multiplying 2 and 4 should return 8" name="Calculator tests multiplying 2 and 4 should return 8" time="0.001">
    </testcase>
  </testsuite>
</testsuites>